[debug] [2024-02-03T19:19:35.104Z] ----------------------------------------------------------------------
[debug] [2024-02-03T19:19:35.107Z] Command:       /usr/local/bin/node /Users/amrikverma/.npm-global/bin/firebase init
[debug] [2024-02-03T19:19:35.108Z] CLI Version:   13.1.0
[debug] [2024-02-03T19:19:35.108Z] Platform:      darwin
[debug] [2024-02-03T19:19:35.108Z] Node Version:  v20.11.0
[debug] [2024-02-03T19:19:35.108Z] Time:          Sat Feb 03 2024 11:19:35 GMT-0800 (Pacific Standard Time)
[debug] [2024-02-03T19:19:35.108Z] ----------------------------------------------------------------------
[debug] 
[debug] [2024-02-03T19:19:35.112Z] > command requires scopes: ["email","openid","https://www.googleapis.com/auth/cloudplatformprojects.readonly","https://www.googleapis.com/auth/firebase","https://www.googleapis.com/auth/cloud-platform"]
[debug] [2024-02-03T19:19:35.112Z] > authorizing via signed-in user (amrikverma23@gmail.com)
[info] 
     ######## #### ########  ######## ########     ###     ######  ########
     ##        ##  ##     ## ##       ##     ##  ##   ##  ##       ##
     ######    ##  ########  ######   ########  #########  ######  ######
     ##        ##  ##    ##  ##       ##     ## ##     ##       ## ##
     ##       #### ##     ## ######## ########  ##     ##  ######  ########

You're about to initialize a Firebase project in this directory:

  /Users/amrikverma/Documents/GitHub/Bell-Hacks-AMNJ

[info] 
=== Project Setup
[info] 
[info] First, let's associate this project directory with a Firebase project.
[info] You can create multiple project aliases by running firebase use --add, 
[info] but for now we'll just set up a default project.
[info] 
[debug] [2024-02-03T19:20:23.003Z] >>> [apiv2][query] GET https://firebase.googleapis.com/v1beta1/availableProjects pageSize=100
[debug] [2024-02-03T19:20:23.784Z] <<< [apiv2][status] GET https://firebase.googleapis.com/v1beta1/availableProjects 200
[debug] [2024-02-03T19:20:23.785Z] <<< [apiv2][body] GET https://firebase.googleapis.com/v1beta1/availableProjects [omitted]
[debug] [2024-02-03T19:21:01.507Z] >>> [apiv2][query] POST https://firebase.googleapis.com/v1beta1/projects/yam-project-331316:addFirebase [none]
[debug] [2024-02-03T19:21:03.090Z] <<< [apiv2][status] POST https://firebase.googleapis.com/v1beta1/projects/yam-project-331316:addFirebase 200
[debug] [2024-02-03T19:21:03.090Z] <<< [apiv2][body] POST https://firebase.googleapis.com/v1beta1/projects/yam-project-331316:addFirebase {"name":"operations/workflows/ZmNmNDVhYWEtZDkxMS00ODc2LTg2YmItOWQ5ZGZmNTQwMWI4"}
[debug] [2024-02-03T19:21:03.092Z] >>> [apiv2][query] GET https://firebase.googleapis.com/v1beta1/operations/workflows/ZmNmNDVhYWEtZDkxMS00ODc2LTg2YmItOWQ5ZGZmNTQwMWI4 [none]
[debug] [2024-02-03T19:21:03.432Z] <<< [apiv2][status] GET https://firebase.googleapis.com/v1beta1/operations/workflows/ZmNmNDVhYWEtZDkxMS00ODc2LTg2YmItOWQ5ZGZmNTQwMWI4 200
[debug] [2024-02-03T19:21:03.432Z] <<< [apiv2][body] GET https://firebase.googleapis.com/v1beta1/operations/workflows/ZmNmNDVhYWEtZDkxMS00ODc2LTg2YmItOWQ5ZGZmNTQwMWI4 {"name":"operations/workflows/ZmNmNDVhYWEtZDkxMS00ODc2LTg2YmItOWQ5ZGZmNTQwMWI4"}
[debug] [2024-02-03T19:21:03.934Z] [Add Firebase Poller] Retrying task index 0
[debug] [2024-02-03T19:21:03.936Z] >>> [apiv2][query] GET https://firebase.googleapis.com/v1beta1/operations/workflows/ZmNmNDVhYWEtZDkxMS00ODc2LTg2YmItOWQ5ZGZmNTQwMWI4 [none]
[debug] [2024-02-03T19:21:04.459Z] <<< [apiv2][status] GET https://firebase.googleapis.com/v1beta1/operations/workflows/ZmNmNDVhYWEtZDkxMS00ODc2LTg2YmItOWQ5ZGZmNTQwMWI4 200
[debug] [2024-02-03T19:21:04.459Z] <<< [apiv2][body] GET https://firebase.googleapis.com/v1beta1/operations/workflows/ZmNmNDVhYWEtZDkxMS00ODc2LTg2YmItOWQ5ZGZmNTQwMWI4 {"name":"operations/workflows/ZmNmNDVhYWEtZDkxMS00ODc2LTg2YmItOWQ5ZGZmNTQwMWI4"}
[debug] [2024-02-03T19:21:05.461Z] [Add Firebase Poller] Retrying task index 0
[debug] [2024-02-03T19:21:05.462Z] >>> [apiv2][query] GET https://firebase.googleapis.com/v1beta1/operations/workflows/ZmNmNDVhYWEtZDkxMS00ODc2LTg2YmItOWQ5ZGZmNTQwMWI4 [none]
[debug] [2024-02-03T19:21:05.707Z] <<< [apiv2][status] GET https://firebase.googleapis.com/v1beta1/operations/workflows/ZmNmNDVhYWEtZDkxMS00ODc2LTg2YmItOWQ5ZGZmNTQwMWI4 200
[debug] [2024-02-03T19:21:05.707Z] <<< [apiv2][body] GET https://firebase.googleapis.com/v1beta1/operations/workflows/ZmNmNDVhYWEtZDkxMS00ODc2LTg2YmItOWQ5ZGZmNTQwMWI4 {"name":"operations/workflows/ZmNmNDVhYWEtZDkxMS00ODc2LTg2YmItOWQ5ZGZmNTQwMWI4"}
[debug] [2024-02-03T19:21:07.709Z] [Add Firebase Poller] Retrying task index 0
[debug] [2024-02-03T19:21:07.709Z] >>> [apiv2][query] GET https://firebase.googleapis.com/v1beta1/operations/workflows/ZmNmNDVhYWEtZDkxMS00ODc2LTg2YmItOWQ5ZGZmNTQwMWI4 [none]
[debug] [2024-02-03T19:21:08.024Z] <<< [apiv2][status] GET https://firebase.googleapis.com/v1beta1/operations/workflows/ZmNmNDVhYWEtZDkxMS00ODc2LTg2YmItOWQ5ZGZmNTQwMWI4 200
[debug] [2024-02-03T19:21:08.024Z] <<< [apiv2][body] GET https://firebase.googleapis.com/v1beta1/operations/workflows/ZmNmNDVhYWEtZDkxMS00ODc2LTg2YmItOWQ5ZGZmNTQwMWI4 {"name":"operations/workflows/ZmNmNDVhYWEtZDkxMS00ODc2LTg2YmItOWQ5ZGZmNTQwMWI4"}
[debug] [2024-02-03T19:21:12.026Z] [Add Firebase Poller] Retrying task index 0
[debug] [2024-02-03T19:21:12.029Z] >>> [apiv2][query] GET https://firebase.googleapis.com/v1beta1/operations/workflows/ZmNmNDVhYWEtZDkxMS00ODc2LTg2YmItOWQ5ZGZmNTQwMWI4 [none]
[debug] [2024-02-03T19:21:12.223Z] <<< [apiv2][status] GET https://firebase.googleapis.com/v1beta1/operations/workflows/ZmNmNDVhYWEtZDkxMS00ODc2LTg2YmItOWQ5ZGZmNTQwMWI4 200
[debug] [2024-02-03T19:21:12.223Z] <<< [apiv2][body] GET https://firebase.googleapis.com/v1beta1/operations/workflows/ZmNmNDVhYWEtZDkxMS00ODc2LTg2YmItOWQ5ZGZmNTQwMWI4 {"name":"operations/workflows/ZmNmNDVhYWEtZDkxMS00ODc2LTg2YmItOWQ5ZGZmNTQwMWI4","done":true,"response":{"@type":"type.googleapis.com/google.firebase.service.v1beta1.FirebaseProject","projectId":"yam-project-331316","projectNumber":"707030358266","displayName":"YAM Project","name":"projects/yam-project-331316","resources":{"hostingSite":"yam-project-331316"}}}
[info] 
[info] 🎉🎉🎉 Your Firebase project is ready! 🎉🎉🎉
[info] 
[info] Project information:
[info]    - Project ID: yam-project-331316
[info]    - Project Name: YAM Project
[info] 
[info] Firebase console is available at
[info] https://console.firebase.google.com/project/yam-project-331316/overview
[info] i  Using project yam-project-331316 (YAM Project) 
[info] 
=== Hosting Setup
[debug] [2024-02-03T19:21:12.237Z] >>> [apiv2][query] GET https://firebase.googleapis.com/v1beta1/projects/yam-project-331316 [none]
[debug] [2024-02-03T19:21:12.542Z] <<< [apiv2][status] GET https://firebase.googleapis.com/v1beta1/projects/yam-project-331316 200
[debug] [2024-02-03T19:21:12.542Z] <<< [apiv2][body] GET https://firebase.googleapis.com/v1beta1/projects/yam-project-331316 {"projectId":"yam-project-331316","projectNumber":"707030358266","displayName":"YAM Project","name":"projects/yam-project-331316","resources":{"hostingSite":"yam-project-331316"},"state":"ACTIVE","etag":"1_95532328-90aa-47f2-951a-42acbe46cf87"}
[info] 
[info] Your public directory is the folder (relative to your project directory) that
[info] will contain Hosting assets to be uploaded with firebase deploy. If you
[info] have a build process for your assets, use your build's output directory.
[info] 
